<?xml version="1.0" encoding="utf-8"?><testsuites><testsuite name="pytest" errors="0" failures="0" skipped="1" tests="15" time="14.615" timestamp="2026-08-28T11:06:22.911856" hostname="hxs-15"><testcase classname="test_g2_entry" name="test_g2_01_launcher_help" time="0.080" /><testcase classname="test_g2_entry" name="test_g2_02_profile_required" time="0.078" /><testcase classname="test_g2_entry" name="test_g2_03_headless_default_composition" time="0.133" /><testcase classname="test_g2_entry" name="test_g2_04_dump_flags_mutually_exclusive" time="0.072" /><testcase classname="test_g2_entry" name="test_g2_05_profile_auto_init" time="0.127" /><testcase classname="test_g2_entry" name="test_g2_06_invalid_profile_name" time="0.116" /><testcase classname="test_g2_entry" name="test_g2_07_unknown_profile_named" time="0.110" /><testcase classname="test_g2_entry" name="test_g2_08_headless_app_help" time="0.697" /><testcase classname="test_g2_entry" name="test_g2_09_empty_task_rejected" time="0.701" /><testcase classname="test_g2_entry" name="test_g2_10_web_boot_serve_sigterm" time="2.023"><skipped type="pytest.skip" message="BLOCKED: web frontend dist absent by Phase A boundary (build:web not run)">/home/hxsa/gordon/phase-a/gordon_util.py:69: BLOCKED: web frontend dist absent by Phase A boundary (build:web not run)</skipped></testcase><testcase classname="test_g2_entry" name="test_g2_11_web_public_bind_refused" time="0.767" /><testcase classname="test_g2_entry" name="test_g2_12_plugin_needs_pnpm_args" time="0.074" /><testcase classname="test_g2_entry" name="test_g2_13_telemetry_composition" time="0.124" /><testcase classname="test_g2_entry" name="test_g2_14_dsh_home_override" time="0.120" /><testcase classname="test_g2_entry" name="test_g2_15_system_prompt_assembly" time="9.362" /></testsuite></testsuites>