<?xml version="1.0" encoding="utf-8"?><testsuites><testsuite name="pytest" errors="0" failures="0" skipped="7" tests="16" time="595.527" timestamp="2026-08-28T13:34:27.829674" hostname="hxs-15"><testcase classname="test_g5_containment" name="test_g5_01_bash_execution" time="12.040" /><testcase classname="test_g5_containment" name="test_g5_02_workspace_write_allowed" time="119.897"><skipped type="pytest.skip" message="BLOCKED: sandbox backend absent on hxs-15 (defect D1)">/home/hxsa/gordon/phase-a/gordon_util.py:69: BLOCKED: sandbox backend absent on hxs-15 (defect D1)</skipped></testcase><testcase classname="test_g5_containment" name="test_g5_03_workspace_escape_denied" time="12.872" /><testcase classname="test_g5_containment" name="test_g5_04_read_only_mode_denies_writes" time="10.539"><skipped type="pytest.skip" message="BLOCKED: sandbox backend absent on hxs-15 (defect D1)">/home/hxsa/gordon/phase-a/gordon_util.py:69: BLOCKED: sandbox backend absent on hxs-15 (defect D1)</skipped></testcase><testcase classname="test_g5_containment" name="test_g5_05_approval_fails_closed" time="12.754"><skipped type="pytest.skip" message="BLOCKED: sandbox backend absent on hxs-15 (defect D1)">/home/hxsa/gordon/phase-a/gordon_util.py:69: BLOCKED: sandbox backend absent on hxs-15 (defect D1)</skipped></testcase><testcase classname="test_g5_containment" name="test_g5_06_danger_full_access_semantics" time="7.467" /><testcase classname="test_g5_containment" name="test_g5_07_bash_timeout_kills" time="14.211"><skipped type="pytest.skip" message="BLOCKED: sandbox backend absent on hxs-15 (defect D1)">/home/hxsa/gordon/phase-a/gordon_util.py:69: BLOCKED: sandbox backend absent on hxs-15 (defect D1)</skipped></testcase><testcase classname="test_g5_containment" name="test_g5_08_sigint_drill" time="25.157" /><testcase classname="test_g5_containment" name="test_g5_09_sigkill_drill" time="316.398" /><testcase classname="test_g5_containment" name="test_g5_10_sigterm_drill" time="20.011"><skipped type="pytest.skip" message="BLOCKED: web frontend dist absent by Phase A boundary">/home/hxsa/gordon/phase-a/gordon_util.py:69: BLOCKED: web frontend dist absent by Phase A boundary</skipped></testcase><testcase classname="test_g5_containment" name="test_g5_11_invalid_config_fails_loud" time="0.862" /><testcase classname="test_g5_containment" name="test_g5_13_background_job_smoke" time="19.689"><skipped type="pytest.skip" message="BLOCKED: sandbox backend absent on hxs-15 (defect D1)">/home/hxsa/gordon/phase-a/gordon_util.py:69: BLOCKED: sandbox backend absent on hxs-15 (defect D1)</skipped></testcase><testcase classname="test_g5_containment" name="test_g5_14_managed_dsh_env" time="12.000"><skipped type="pytest.skip" message="BLOCKED: sandbox backend absent on hxs-15 (defect D1)">/home/hxsa/gordon/phase-a/gordon_util.py:69: BLOCKED: sandbox backend absent on hxs-15 (defect D1)</skipped></testcase><testcase classname="test_g5_containment" name="test_g5_15_tool_catalog_census" time="6.238" /><testcase classname="test_g5_containment" name="test_g5_16_pwsh_disabled_on_linux" time="0.126" /><testcase classname="test_g5_containment" name="test_g5_17_cookbook_tool_contract" time="5.241" /></testsuite></testsuites>