<?xml version="1.0" encoding="utf-8"?><testsuites><testsuite name="pytest" errors="0" failures="0" skipped="1" tests="14" time="76.737" timestamp="2026-08-28T11:20:42.461642" hostname="hxs-15"><testcase classname="test_g3_providers" name="test_g3_01_seam_census" time="0.140" /><testcase classname="test_g3_providers" name="test_g3_02_missing_credential_fails_loud" time="0.848" /><testcase classname="test_g3_providers" name="test_g3_03_provider_down_transport" time="1.539" /><testcase classname="test_g3_providers" name="test_g3_04r_real_seam_run" time="19.411" /><testcase classname="test_g3_providers" name="test_g3_04f_routed_qwen" time="16.350" /><testcase classname="test_g3_providers" name="test_g3_05f_routed_coder" time="5.230" /><testcase classname="test_g3_providers" name="test_g3_06f_routed_meta" time="10.629" /><testcase classname="test_g3_providers" name="test_g3_07_usage_history_evidence" time="0.001"><skipped type="pytest.skip" message="BLOCKED: governor usage_history snapshots absent (Trinity plane, governor-mediated)">/home/hxsa/gordon/phase-a/gordon_util.py:69: BLOCKED: governor usage_history snapshots absent (Trinity plane, governor-mediated)</skipped></testcase><testcase classname="test_g3_providers" name="test_g3_08_usage_reconciliation" time="9.167" /><testcase classname="test_g3_providers" name="test_g3_09_retry_events_durable" time="2.507" /><testcase classname="test_g3_providers" name="test_g3_10_token_measurement_derivable" time="0.001" /><testcase classname="test_g3_providers" name="test_g3_11_catalog_self_consistency" time="0.132" /><testcase classname="test_g3_providers" name="test_g3_12_no_cloud_baseurl" time="0.130" /><testcase classname="test_g3_providers" name="test_g3_13_cookbook_adapter_contract" time="10.621" /></testsuite></testsuites>