<?xml version="1.0" encoding="utf-8"?><testsuites><testsuite name="pytest" errors="0" failures="0" skipped="2" tests="2" time="26.700" timestamp="2026-08-28T13:49:13.484488" hostname="hxs-15"><testcase classname="test_g5_containment" name="test_g5_01_bash_execution" time="15.259"><skipped type="pytest.skip" message="BLOCKED: sandbox backend absent on hxs-15 (defect D1)">/home/hxsa/gordon/phase-a/gordon_util.py:69: BLOCKED: sandbox backend absent on hxs-15 (defect D1)</skipped></testcase><testcase classname="test_g5_containment" name="test_g5_03_workspace_escape_denied" time="11.399"><skipped type="pytest.skip" message="BLOCKED: sandbox backend absent on hxs-15 (defect D1)">/home/hxsa/gordon/phase-a/gordon_util.py:69: BLOCKED: sandbox backend absent on hxs-15 (defect D1)</skipped></testcase></testsuite></testsuites>