<?xml version="1.0" encoding="utf-8"?><testsuites><testsuite name="pytest" errors="0" failures="0" skipped="0" tests="7" time="5.321" timestamp="2026-08-28T10:39:53.498709" hostname="hxs-15"><testcase classname="test_g0_identity" name="test_g0_01_manifest_hashes" time="0.003" /><testcase classname="test_g0_identity" name="test_g0_02_manifest_fields" time="0.001" /><testcase classname="test_g0_identity" name="test_g0_03_runtime_versions" time="0.442" /><testcase classname="test_g0_identity" name="test_g0_04_dsh_version" time="0.079" /><testcase classname="test_g0_identity" name="test_g0_05_identity_freeze" time="0.006" /><testcase classname="test_g0_identity" name="test_g0_06_service_user_confinement" time="1.009" /><testcase classname="test_g0_identity" name="test_g0_07_tree_fingerprint" time="3.762" /></testsuite></testsuites>