<?xml version="1.0" encoding="utf-8"?><testsuites><testsuite name="pytest" errors="0" failures="0" skipped="2" tests="17" time="92.511" timestamp="2026-08-28T13:06:05.328382" hostname="hxs-15"><testcase classname="test_g4_sessions" name="test_g4_01_artifact_layout" time="5.203" /><testcase classname="test_g4_sessions" name="test_g4_02_header_contract" time="5.187" /><testcase classname="test_g4_sessions" name="test_g4_03_event_stream_audit" time="5.211" /><testcase classname="test_g4_sessions" name="test_g4_04_restart_durability" time="8.224" /><testcase classname="test_g4_sessions" name="test_g4_06a_corrupt_sibling_resilience" time="5.930" /><testcase classname="test_g4_sessions" name="test_g4_06b_resume_path_blocked_by_design" time="0.001"><skipped type="pytest.skip" message="BLOCKED: no headless resume entry in the pinned CLI; reassigned to Phase B Gate 7">/home/hxsa/gordon/phase-a/gordon_util.py:69: BLOCKED: no headless resume entry in the pinned CLI; reassigned to Phase B Gate 7</skipped></testcase><testcase classname="test_g4_sessions" name="test_g4_07_session_query_default_posture" time="0.127" /><testcase classname="test_g4_sessions" name="test_g4_08_session_title_recorded" time="5.396" /><testcase classname="test_g4_sessions" name="test_g4_09_telemetry_runtime_posture" time="9.304" /><testcase classname="test_g4_sessions" name="test_g4_10_anonymous_identity" time="9.261" /><testcase classname="test_g4_sessions" name="test_g4_11_settings_driven_selection" time="14.462" /><testcase classname="test_g4_sessions" name="test_g4_12_attachment_composition" time="0.125" /><testcase classname="test_g4_sessions" name="test_g4_13_spill_on_oversized_output" time="10.916"><skipped type="pytest.skip" message="BLOCKED: sandbox backend absent on hxs-15 (defect D1) — spill path unreachable">/home/hxsa/gordon/phase-a/gordon_util.py:69: BLOCKED: sandbox backend absent on hxs-15 (defect D1) — spill path unreachable</skipped></testcase><testcase classname="test_g4_sessions" name="test_g4_14_storage_composition" time="0.133" /><testcase classname="test_g4_sessions" name="test_g4_15_credentials_env_fallback" time="6.294" /><testcase classname="test_g4_sessions" name="test_g4_17_agent_instructions_context" time="6.474" /><testcase classname="test_g4_sessions" name="test_g4_16_session_stats_projection_cache_census" time="0.238" /></testsuite></testsuites>