<?xml version="1.0" encoding="utf-8"?><testsuites><testsuite name="pytest" errors="0" failures="4" skipped="0" tests="9" time="661.630" timestamp="2026-08-28T10:40:26.863738" hostname="hxs-15"><testcase classname="test_g1_static" name="test_g1_01_frozen_lockfile_install" time="12.719" /><testcase classname="test_g1_static" name="test_g1_02_typecheck" time="99.977" /><testcase classname="test_g1_static" name="test_g1_03_lint" time="52.341" /><testcase classname="test_g1_static" name="test_g1_04_build" time="0.836"><failure message="AssertionError: exit=1; stderr tail:  repositoryCommitHash (/home/hxsa/gordon/scratch/g1-source-copy/scripts/client-build-environment.ts:49:29)&#10;      at main (/home/hxsa/gordon/scratch/g1-source-copy/scripts/build.ts:39:29)&#10;      at &lt;anonymous&gt; (/home/hxsa/gordon/scratch/g1-source-copy/scripts/build.ts:53:23)&#10;      at ModuleJob.run (node:internal/modules/esm/module_job:561:25)&#10;      at async node:internal/modules/esm/loader:647:26&#10;      at async asyncRunEntryPointWithESMLoader (node:internal/modules/run_main:101:5) {&#10;    status: 128,&#10;    signal: null,&#10;    output: [ null, '', null ],&#10;    pid: 17361,&#10;    stdout: '',&#10;    stderr: null&#10;  }&#10;  &#10;  Node.js v24.20.0&#10;  &#10;assert False">cfg = Cfg(values={'GORDON_DSH_BIN': '/usr/local/bin/dsh', 'GORDON_DSH_ROOT': '/opt/dsh', 'GORDON_DSH_SRC': '/opt/dsh', 'GORD...test', 'GORDON_CUSTOM_ROW_ID': '', 'GORDON_HOST': '192.168.50.214', 'GORDON_WRAPPER': '/usr/local/bin/gordon-run-dsh'})
scratch_copy = PosixPath('/home/hxsa/gordon/scratch/g1-source-copy')
rec = &lt;conftest.rec.&lt;locals&gt;._Rec object at 0x77699b473bc0&gt;

    def test_g1_04_build(cfg, scratch_copy, rec):
        """G1-04: pnpm run build produces lib/types and the bundled runtime."""
&gt;       _run_gate(cfg, scratch_copy, rec, _pnpm(cfg, scratch_copy) + ["run", "build"],
                  timeout=2400, oracle="root script: tsx scripts/build.ts")

phase-a/test_g1_static.py:101: 
_ _ _ _ _ _ _ _ _ _ _ _ _ _ _ _ _ _ _ _ _ _ _ _ _ _ _ _ _ _ _ _ _ _ _ _ _ _ _ _ 

cfg = Cfg(values={'GORDON_DSH_BIN': '/usr/local/bin/dsh', 'GORDON_DSH_ROOT': '/opt/dsh', 'GORDON_DSH_SRC': '/opt/dsh', 'GORD...test', 'GORDON_CUSTOM_ROW_ID': '', 'GORDON_HOST': '192.168.50.214', 'GORDON_WRAPPER': '/usr/local/bin/gordon-run-dsh'})
copy = PosixPath('/home/hxsa/gordon/scratch/g1-source-copy')
rec = &lt;conftest.rec.&lt;locals&gt;._Rec object at 0x77699b473bc0&gt;
argv = ['/opt/node-v24.20.0/bin/pnpm', 'run', 'build'], timeout = 2400
oracle = 'root script: tsx scripts/build.ts', ok_exit = 0

    def _run_gate(cfg, copy: Path, rec, argv: list[str], timeout: float, oracle: str, ok_exit: int = 0):
        import os
    
        node_bin = str(Path(cfg.node).parent)
        run = run_host(
            argv,
            cwd=str(copy),
            timeout=timeout,
            env_extra={"CI": "true", "PATH": f"{node_bin}:{os.environ.get('PATH', '')}"},
        )
        rec.commands.append(run)
        observed = f"exit={run.exit_code}; stderr tail: {run.stderr[-600:]}"
        ok = run.exit_code == ok_exit
        rec.finish("PASS" if ok else "FAIL", oracle, observed, note=REVIEW_NOTE)
&gt;       assert ok, observed
E       AssertionError: exit=1; stderr tail:  repositoryCommitHash (/home/hxsa/gordon/scratch/g1-source-copy/scripts/client-build-environment.ts:49:29)
E             at main (/home/hxsa/gordon/scratch/g1-source-copy/scripts/build.ts:39:29)
E             at &lt;anonymous&gt; (/home/hxsa/gordon/scratch/g1-source-copy/scripts/build.ts:53:23)
E             at ModuleJob.run (node:internal/modules/esm/module_job:561:25)
E             at async node:internal/modules/esm/loader:647:26
E             at async asyncRunEntryPointWithESMLoader (node:internal/modules/run_main:101:5) {
E           status: 128,
E           signal: null,
E           output: [ null, '', null ],
E           pid: 17361,
E           stdout: '',
E           stderr: null
E         }
E         
E         Node.js v24.20.0
E         
E       assert False

phase-a/test_g1_static.py:67: AssertionError</failure></testcase><testcase classname="test_g1_static" name="test_g1_05_unit_tests" time="328.164"><failure message="AssertionError: exit=1; stderr tail: 8|#x1B[39m   #x1B[35mconst#x1B[39m explicit #x1B[33m=#x1B[39m environment[#x1B[33mCLIENT_COMMIT_HASH_VARIABLE#x1B[39m]&#10;      #x1B[90m 49|#x1B[39m   const value = explicit ?? execFileSync('git', ['rev-parse', 'HEAD'],…&#10;      #x1B[90m   |#x1B[39m                             #x1B[31m^#x1B[39m&#10;      #x1B[90m 50|#x1B[39m     cwd#x1B[33m:#x1B[39m root#x1B[33m,#x1B[39m&#10;      #x1B[90m 51|#x1B[39m     encoding#x1B[33m:#x1B[39m #x1B[32m'utf8'#x1B[39m#x1B[33m,#x1B[39m&#10;  #x1B[90m #x1B[2m❯#x1B[22m officialClientBuildEnvironment scripts/client-build-environment.ts:#x1B[2m71:29#x1B[22m#x1B[39m&#10;  #x1B[90m #x1B[2m❯#x1B[22m scripts/release/families.spec.ts:#x1B[2m105:33#x1B[22m#x1B[39m&#10;  &#10;  #x1B[31m#x1B[2m⎯⎯⎯⎯⎯⎯⎯⎯⎯⎯⎯⎯⎯⎯⎯⎯⎯⎯⎯⎯⎯⎯⎯⎯[8/8]⎯#x1B[22m#x1B[39m&#10;  &#10;  &#10;assert False">cfg = Cfg(values={'GORDON_DSH_BIN': '/usr/local/bin/dsh', 'GORDON_DSH_ROOT': '/opt/dsh', 'GORDON_DSH_SRC': '/opt/dsh', 'GORD...test', 'GORDON_CUSTOM_ROW_ID': '', 'GORDON_HOST': '192.168.50.214', 'GORDON_WRAPPER': '/usr/local/bin/gordon-run-dsh'})
scratch_copy = PosixPath('/home/hxsa/gordon/scratch/g1-source-copy')
rec = &lt;conftest.rec.&lt;locals&gt;._Rec object at 0x77699b3fdd00&gt;

    def test_g1_05_unit_tests(cfg, scratch_copy, rec):
        """G1-05: pnpm run test (keyless vitest unit tier). Skips recorded, not suppressed."""
&gt;       _run_gate(cfg, scratch_copy, rec, _pnpm(cfg, scratch_copy) + ["run", "test"],
                  timeout=3600, oracle="root script vitest run; docs/testing.md unit tier")

phase-a/test_g1_static.py:112: 
_ _ _ _ _ _ _ _ _ _ _ _ _ _ _ _ _ _ _ _ _ _ _ _ _ _ _ _ _ _ _ _ _ _ _ _ _ _ _ _ 

cfg = Cfg(values={'GORDON_DSH_BIN': '/usr/local/bin/dsh', 'GORDON_DSH_ROOT': '/opt/dsh', 'GORDON_DSH_SRC': '/opt/dsh', 'GORD...test', 'GORDON_CUSTOM_ROW_ID': '', 'GORDON_HOST': '192.168.50.214', 'GORDON_WRAPPER': '/usr/local/bin/gordon-run-dsh'})
copy = PosixPath('/home/hxsa/gordon/scratch/g1-source-copy')
rec = &lt;conftest.rec.&lt;locals&gt;._Rec object at 0x77699b3fdd00&gt;
argv = ['/opt/node-v24.20.0/bin/pnpm', 'run', 'test'], timeout = 3600
oracle = 'root script vitest run; docs/testing.md unit tier', ok_exit = 0

    def _run_gate(cfg, copy: Path, rec, argv: list[str], timeout: float, oracle: str, ok_exit: int = 0):
        import os
    
        node_bin = str(Path(cfg.node).parent)
        run = run_host(
            argv,
            cwd=str(copy),
            timeout=timeout,
            env_extra={"CI": "true", "PATH": f"{node_bin}:{os.environ.get('PATH', '')}"},
        )
        rec.commands.append(run)
        observed = f"exit={run.exit_code}; stderr tail: {run.stderr[-600:]}"
        ok = run.exit_code == ok_exit
        rec.finish("PASS" if ok else "FAIL", oracle, observed, note=REVIEW_NOTE)
&gt;       assert ok, observed
E       AssertionError: exit=1; stderr tail: 8|#x1B[39m   #x1B[35mconst#x1B[39m explicit #x1B[33m=#x1B[39m environment[#x1B[33mCLIENT_COMMIT_HASH_VARIABLE#x1B[39m]
E             #x1B[90m 49|#x1B[39m   const value = explicit ?? execFileSync('git', ['rev-parse', 'HEAD'],…
E             #x1B[90m   |#x1B[39m                             #x1B[31m^#x1B[39m
E             #x1B[90m 50|#x1B[39m     cwd#x1B[33m:#x1B[39m root#x1B[33m,#x1B[39m
E             #x1B[90m 51|#x1B[39m     encoding#x1B[33m:#x1B[39m #x1B[32m'utf8'#x1B[39m#x1B[33m,#x1B[39m
E         #x1B[90m #x1B[2m❯#x1B[22m officialClientBuildEnvironment scripts/client-build-environment.ts:#x1B[2m71:29#x1B[22m#x1B[39m
E         #x1B[90m #x1B[2m❯#x1B[22m scripts/release/families.spec.ts:#x1B[2m105:33#x1B[22m#x1B[39m
E         
E         #x1B[31m#x1B[2m⎯⎯⎯⎯⎯⎯⎯⎯⎯⎯⎯⎯⎯⎯⎯⎯⎯⎯⎯⎯⎯⎯⎯⎯[8/8]⎯#x1B[22m#x1B[39m
E         
E         
E       assert False

phase-a/test_g1_static.py:67: AssertionError</failure></testcase><testcase classname="test_g1_static" name="test_g1_06_snapshot_replay" time="145.690"><failure message="AssertionError: exit=1; stderr tail: :1,&quot;step&quot;:2,&quot;chunk&quot;:{&quot;type&quot;:&quot;finish&quot;,&quot;reason&quot;:{&quot;kind&quot;:&quot;tool-calls&quot;}}}}#x1B[22m&#10;  &#10;  #x1B[36m #x1B[2m❯#x1B[22m packages/test-support/acp-snapshot/src/suite.ts:#x1B[2m1338:16#x1B[22m#x1B[39m&#10;      #x1B[90m1336|#x1B[39m             const fixture = scrubSessionSnapshot(await readFile(join(d…&#10;      #x1B[90m1337|#x1B[39m             expect(normalizeSessionLog(harvested, ctx), `${fixtureFile…&#10;      #x1B[90m1338|#x1B[39m               .toEqual(normalizeSessionLog(fixture, fixtureContext(fix…&#10;      #x1B[90m   |#x1B[39m                #x1B[31m^#x1B[39m&#10;      #x1B[90m1339|#x1B[39m           }&#10;      #x1B[90m1340|#x1B[39m         }&#10;  &#10;  #x1B[31m#x1B[2m⎯⎯⎯⎯⎯⎯⎯⎯⎯⎯⎯⎯⎯⎯⎯⎯⎯⎯⎯⎯⎯⎯⎯⎯[2/2]⎯#x1B[22m#x1B[39m&#10;  &#10;  &#10;assert False">cfg = Cfg(values={'GORDON_DSH_BIN': '/usr/local/bin/dsh', 'GORDON_DSH_ROOT': '/opt/dsh', 'GORDON_DSH_SRC': '/opt/dsh', 'GORD...test', 'GORDON_CUSTOM_ROW_ID': '', 'GORDON_HOST': '192.168.50.214', 'GORDON_WRAPPER': '/usr/local/bin/gordon-run-dsh'})
scratch_copy = PosixPath('/home/hxsa/gordon/scratch/g1-source-copy')
rec = &lt;conftest.rec.&lt;locals&gt;._Rec object at 0x77699b4a5040&gt;

    def test_g1_06_snapshot_replay(cfg, scratch_copy, rec):
        """G1-06: pnpm run test:snapshot (keyless replay; fixtures replay on Linux)."""
&gt;       _run_gate(cfg, scratch_copy, rec, _pnpm(cfg, scratch_copy) + ["run", "test:snapshot"],
                  timeout=3600, oracle="docs/testing.md snapshot tier; vitest.snapshot.config.ts")

phase-a/test_g1_static.py:118: 
_ _ _ _ _ _ _ _ _ _ _ _ _ _ _ _ _ _ _ _ _ _ _ _ _ _ _ _ _ _ _ _ _ _ _ _ _ _ _ _ 

cfg = Cfg(values={'GORDON_DSH_BIN': '/usr/local/bin/dsh', 'GORDON_DSH_ROOT': '/opt/dsh', 'GORDON_DSH_SRC': '/opt/dsh', 'GORD...test', 'GORDON_CUSTOM_ROW_ID': '', 'GORDON_HOST': '192.168.50.214', 'GORDON_WRAPPER': '/usr/local/bin/gordon-run-dsh'})
copy = PosixPath('/home/hxsa/gordon/scratch/g1-source-copy')
rec = &lt;conftest.rec.&lt;locals&gt;._Rec object at 0x77699b4a5040&gt;
argv = ['/opt/node-v24.20.0/bin/pnpm', 'run', 'test:snapshot'], timeout = 3600
oracle = 'docs/testing.md snapshot tier; vitest.snapshot.config.ts', ok_exit = 0

    def _run_gate(cfg, copy: Path, rec, argv: list[str], timeout: float, oracle: str, ok_exit: int = 0):
        import os
    
        node_bin = str(Path(cfg.node).parent)
        run = run_host(
            argv,
            cwd=str(copy),
            timeout=timeout,
            env_extra={"CI": "true", "PATH": f"{node_bin}:{os.environ.get('PATH', '')}"},
        )
        rec.commands.append(run)
        observed = f"exit={run.exit_code}; stderr tail: {run.stderr[-600:]}"
        ok = run.exit_code == ok_exit
        rec.finish("PASS" if ok else "FAIL", oracle, observed, note=REVIEW_NOTE)
&gt;       assert ok, observed
E       AssertionError: exit=1; stderr tail: :1,"step":2,"chunk":{"type":"finish","reason":{"kind":"tool-calls"}}}}#x1B[22m
E         
E         #x1B[36m #x1B[2m❯#x1B[22m packages/test-support/acp-snapshot/src/suite.ts:#x1B[2m1338:16#x1B[22m#x1B[39m
E             #x1B[90m1336|#x1B[39m             const fixture = scrubSessionSnapshot(await readFile(join(d…
E             #x1B[90m1337|#x1B[39m             expect(normalizeSessionLog(harvested, ctx), `${fixtureFile…
E             #x1B[90m1338|#x1B[39m               .toEqual(normalizeSessionLog(fixture, fixtureContext(fix…
E             #x1B[90m   |#x1B[39m                #x1B[31m^#x1B[39m
E             #x1B[90m1339|#x1B[39m           }
E             #x1B[90m1340|#x1B[39m         }
E         
E         #x1B[31m#x1B[2m⎯⎯⎯⎯⎯⎯⎯⎯⎯⎯⎯⎯⎯⎯⎯⎯⎯⎯⎯⎯⎯⎯⎯⎯[2/2]⎯#x1B[22m#x1B[39m
E         
E         
E       assert False

phase-a/test_g1_static.py:67: AssertionError</failure></testcase><testcase classname="test_g1_static" name="test_g1_07_hygiene" time="21.802"><failure message="AssertionError: exit=1; stderr tail:  module '/home/hxsa/gordon/scratch/g1-source-copy/packages/typert/registry/.dsh-built-invariant-PQEKTw/lib/invariant.js' imported from /home/hxsa/gordon/scratch/g1-source-copy/packages/typert/registry/.dsh-built-invariant-PQEKTw/probe.mjs&#10;  &#10;  == FAILED publint (4.05s) ==&#10;  command: pnpm run publint&#10;  outcome: exit 1&#10;  $ tsx scripts/publint-all.ts&#10;  run-gates: unsuccessful gates:&#10;    - FAILED vendor rescope (0.87s, exit 1)&#10;      pnpm run rescope-vendor:check&#10;    - FAILED publint (4.05s, exit 1)&#10;      pnpm run publint&#10;    - FAILED built package invariants (1.80s, exit 1)&#10;      pnpm run verify-built-package-invariants&#10;  &#10;assert False">cfg = Cfg(values={'GORDON_DSH_BIN': '/usr/local/bin/dsh', 'GORDON_DSH_ROOT': '/opt/dsh', 'GORDON_DSH_SRC': '/opt/dsh', 'GORD...test', 'GORDON_CUSTOM_ROW_ID': '', 'GORDON_HOST': '192.168.50.214', 'GORDON_WRAPPER': '/usr/local/bin/gordon-run-dsh'})
scratch_copy = PosixPath('/home/hxsa/gordon/scratch/g1-source-copy')
rec = &lt;conftest.rec.&lt;locals&gt;._Rec object at 0x77699b4a4a10&gt;

    def test_g1_07_hygiene(cfg, scratch_copy, rec):
        """G1-07: pnpm run hygiene (knip + publint + constraints + NodeNext check)."""
&gt;       _run_gate(cfg, scratch_copy, rec, _pnpm(cfg, scratch_copy) + ["run", "hygiene"],
                  timeout=1800, oracle="root script: scripts/run-gates.ts hygiene")

phase-a/test_g1_static.py:124: 
_ _ _ _ _ _ _ _ _ _ _ _ _ _ _ _ _ _ _ _ _ _ _ _ _ _ _ _ _ _ _ _ _ _ _ _ _ _ _ _ 

cfg = Cfg(values={'GORDON_DSH_BIN': '/usr/local/bin/dsh', 'GORDON_DSH_ROOT': '/opt/dsh', 'GORDON_DSH_SRC': '/opt/dsh', 'GORD...test', 'GORDON_CUSTOM_ROW_ID': '', 'GORDON_HOST': '192.168.50.214', 'GORDON_WRAPPER': '/usr/local/bin/gordon-run-dsh'})
copy = PosixPath('/home/hxsa/gordon/scratch/g1-source-copy')
rec = &lt;conftest.rec.&lt;locals&gt;._Rec object at 0x77699b4a4a10&gt;
argv = ['/opt/node-v24.20.0/bin/pnpm', 'run', 'hygiene'], timeout = 1800
oracle = 'root script: scripts/run-gates.ts hygiene', ok_exit = 0

    def _run_gate(cfg, copy: Path, rec, argv: list[str], timeout: float, oracle: str, ok_exit: int = 0):
        import os
    
        node_bin = str(Path(cfg.node).parent)
        run = run_host(
            argv,
            cwd=str(copy),
            timeout=timeout,
            env_extra={"CI": "true", "PATH": f"{node_bin}:{os.environ.get('PATH', '')}"},
        )
        rec.commands.append(run)
        observed = f"exit={run.exit_code}; stderr tail: {run.stderr[-600:]}"
        ok = run.exit_code == ok_exit
        rec.finish("PASS" if ok else "FAIL", oracle, observed, note=REVIEW_NOTE)
&gt;       assert ok, observed
E       AssertionError: exit=1; stderr tail:  module '/home/hxsa/gordon/scratch/g1-source-copy/packages/typert/registry/.dsh-built-invariant-PQEKTw/lib/invariant.js' imported from /home/hxsa/gordon/scratch/g1-source-copy/packages/typert/registry/.dsh-built-invariant-PQEKTw/probe.mjs
E         
E         == FAILED publint (4.05s) ==
E         command: pnpm run publint
E         outcome: exit 1
E         $ tsx scripts/publint-all.ts
E         run-gates: unsuccessful gates:
E           - FAILED vendor rescope (0.87s, exit 1)
E             pnpm run rescope-vendor:check
E           - FAILED publint (4.05s, exit 1)
E             pnpm run publint
E           - FAILED built package invariants (1.80s, exit 1)
E             pnpm run verify-built-package-invariants
E         
E       assert False

phase-a/test_g1_static.py:67: AssertionError</failure></testcase><testcase classname="test_g1_static" name="test_g1_08_built_bin_smoke" time="0.061" /><testcase classname="test_g1_static" name="test_g1_09_repo_e2e_deferred" time="0.001" /></testsuite></testsuites>