<?xml version="1.0" encoding="utf-8"?><testsuites><testsuite name="pytest" errors="0" failures="0" skipped="0" tests="3" time="53.431" timestamp="2026-08-28T14:35:09.153699" hostname="hxs-15"><testcase classname="test_g5_containment" name="test_g5_05_approval_fails_closed" time="32.486" /><testcase classname="test_g5_containment" name="test_g5_07_bash_timeout_kills" time="10.665" /><testcase classname="test_g5_containment" name="test_g5_13_background_job_smoke" time="10.238" /></testsuite></testsuites>